The system is: Windows - 10.0.17763 - AMD64
Compiling the C compiler identification source file "CMakeCCompilerId.c" succeeded.
Compiler: C:/Program Files (x86)/Microsoft Visual Studio/2019/Community/VC/Tools/MSVC/14.24.28314/bin/HostX64/x64/cl.exe 
Build flags: 
Id flags:  

The output was:
0
Microsoft (R) C/C++ Optimizing Compiler Version 19.24.28315 for x64
Copyright (C) Microsoft Corporation.  All rights reserved.

CMakeCCompilerId.c
Microsoft (R) Incremental Linker Version 14.24.28315.0
Copyright (C) Microsoft Corporation.  All rights reserved.

/out:CMakeCCompilerId.exe 
CMakeCCompilerId.obj 


Compilation of the C compiler identification source "CMakeCCompilerId.c" produced "CMakeCCompilerId.exe"

Compilation of the C compiler identification source "CMakeCCompilerId.c" produced "CMakeCCompilerId.obj"

The C compiler identification is MSVC, found in "D:/VisualStudioProjects/GET_ProjectOne/modules/NewModule/src/out/build/x64-Debug/CMakeFiles/3.15.19101501-MSVC_2/CompilerIdC/CMakeCCompilerId.exe"

Compiling the CXX compiler identification source file "CMakeCXXCompilerId.cpp" succeeded.
Compiler: C:/Program Files (x86)/Microsoft Visual Studio/2019/Community/VC/Tools/MSVC/14.24.28314/bin/HostX64/x64/cl.exe 
Build flags: 
Id flags:  

The output was:
0
Microsoft (R) C/C++ Optimizing Compiler Version 19.24.28315 for x64
Copyright (C) Microsoft Corporation.  All rights reserved.

CMakeCXXCompilerId.cpp
Microsoft (R) Incremental Linker Version 14.24.28315.0
Copyright (C) Microsoft Corporation.  All rights reserved.

/out:CMakeCXXCompilerId.exe 
CMakeCXXCompilerId.obj 


Compilation of the CXX compiler identification source "CMakeCXXCompilerId.cpp" produced "CMakeCXXCompilerId.exe"

Compilation of the CXX compiler identification source "CMakeCXXCompilerId.cpp" produced "CMakeCXXCompilerId.obj"

The CXX compiler identification is MSVC, found in "D:/VisualStudioProjects/GET_ProjectOne/modules/NewModule/src/out/build/x64-Debug/CMakeFiles/3.15.19101501-MSVC_2/CompilerIdCXX/CMakeCXXCompilerId.exe"

Determining if the C compiler works passed with the following output:
Change Dir: D:/VisualStudioProjects/GET_ProjectOne/modules/NewModule/src/out/build/x64-Debug/CMakeFiles/CMakeTmp

Run Build Command(s):C:/Program Files (x86)/Microsoft Visual Studio/2019/Community/Common7/IDE/CommonExtensions/Microsoft/CMake/Ninja/ninja.exe cmTC_b03bc && [1/2] Building C object CMakeFiles\cmTC_b03bc.dir\testCCompiler.c.obj
[2/2] Linking C executable cmTC_b03bc.exe



Detecting C compiler ABI info compiled with the following output:
Change Dir: D:/VisualStudioProjects/GET_ProjectOne/modules/NewModule/src/out/build/x64-Debug/CMakeFiles/CMakeTmp

Run Build Command(s):C:/Program Files (x86)/Microsoft Visual Studio/2019/Community/Common7/IDE/CommonExtensions/Microsoft/CMake/Ninja/ninja.exe cmTC_26b91 && [1/2] Building C object CMakeFiles\cmTC_26b91.dir\CMakeCCompilerABI.c.obj
[2/2] Linking C executable cmTC_26b91.exe



Determining if the CXX compiler works passed with the following output:
Change Dir: D:/VisualStudioProjects/GET_ProjectOne/modules/NewModule/src/out/build/x64-Debug/CMakeFiles/CMakeTmp

Run Build Command(s):C:/Program Files (x86)/Microsoft Visual Studio/2019/Community/Common7/IDE/CommonExtensions/Microsoft/CMake/Ninja/ninja.exe cmTC_760bd && [1/2] Building CXX object CMakeFiles\cmTC_760bd.dir\testCXXCompiler.cxx.obj
[2/2] Linking CXX executable cmTC_760bd.exe



Detecting CXX compiler ABI info compiled with the following output:
Change Dir: D:/VisualStudioProjects/GET_ProjectOne/modules/NewModule/src/out/build/x64-Debug/CMakeFiles/CMakeTmp

Run Build Command(s):C:/Program Files (x86)/Microsoft Visual Studio/2019/Community/Common7/IDE/CommonExtensions/Microsoft/CMake/Ninja/ninja.exe cmTC_81d12 && [1/2] Building CXX object CMakeFiles\cmTC_81d12.dir\CMakeCXXCompilerABI.cpp.obj
[2/2] Linking CXX executable cmTC_81d12.exe



Determining if the AFTR_CONFIG_USE_FREE_TYPE_GL_FONTS exist passed with the following output:
Change Dir: D:/VisualStudioProjects/GET_ProjectOne/modules/NewModule/src/out/build/x64-Debug/CMakeFiles/CMakeTmp

Run Build Command(s):C:/Program Files (x86)/Microsoft Visual Studio/2019/Community/Common7/IDE/CommonExtensions/Microsoft/CMake/Ninja/ninja.exe cmTC_28533 && [1/2] Building C object CMakeFiles\cmTC_28533.dir\CheckSymbolExists.c.obj
[2/2] Linking C executable cmTC_28533.exe


File D:/VisualStudioProjects/GET_ProjectOne/modules/NewModule/src/out/build/x64-Debug/CMakeFiles/CMakeTmp/CheckSymbolExists.c:
/* */
#include <D:/VisualStudioProjects/GET_ProjectOne/include/aftr/AftrConfig.h>

int main(int argc, char** argv)
{
  (void)argv;
#ifndef AFTR_CONFIG_USE_FREE_TYPE_GL_FONTS
  return ((int*)(&AFTR_CONFIG_USE_FREE_TYPE_GL_FONTS))[argc];
#else
  (void)argc;
  return 0;
#endif
}

Determining if the AFTR_CONFIG_USE_ASSIMP exist passed with the following output:
Change Dir: D:/VisualStudioProjects/GET_ProjectOne/modules/NewModule/src/out/build/x64-Debug/CMakeFiles/CMakeTmp

Run Build Command(s):C:/Program Files (x86)/Microsoft Visual Studio/2019/Community/Common7/IDE/CommonExtensions/Microsoft/CMake/Ninja/ninja.exe cmTC_15620 && [1/2] Building C object CMakeFiles\cmTC_15620.dir\CheckSymbolExists.c.obj
[2/2] Linking C executable cmTC_15620.exe


File D:/VisualStudioProjects/GET_ProjectOne/modules/NewModule/src/out/build/x64-Debug/CMakeFiles/CMakeTmp/CheckSymbolExists.c:
/* */
#include <D:/VisualStudioProjects/GET_ProjectOne/include/aftr/AftrConfig.h>

int main(int argc, char** argv)
{
  (void)argv;
#ifndef AFTR_CONFIG_USE_ASSIMP
  return ((int*)(&AFTR_CONFIG_USE_ASSIMP))[argc];
#else
  (void)argc;
  return 0;
#endif
}

